Arguments: 
  C:\Program Files\nodejsnvm\node.exe C:\Program Files (x86)\Yarn\bin\yarn.js add aurelia-multi-select

PATH: 
  C:\Program Files (x86)\Intel\iCLS Client\;C:\Program Files\Intel\iCLS Client\;C:\Windows\system32;C:\Windows;C:\Windows\System32\Wbem;C:\Windows\System32\WindowsPowerShell\v1.0\;C:\Program Files (x86)\NVIDIA Corporation\PhysX\Common;C:\ProgramData\chocolatey\bin;C:\Program Files\Java\jdk1.8.0_162\bin;C:\Android\android-sdk\tools;C:\Android\android-sdk\platform-tools;C:\Program Files\Intel\WiFi\bin\;C:\Program Files\Common Files\Intel\WirelessCommon\;C:\Program Files\Git\cmd;C:\Users\Ross\AppData\Local\Android\Sdk\platform-tools;C:\Program Files (x86)\Yarn\bin\;C:\WINDOWS\system32;C:\WINDOWS;C:\WINDOWS\System32\Wbem;C:\WINDOWS\System32\WindowsPowerShell\v1.0\;C:\WINDOWS\System32\OpenSSH\;C:\Program Files (x86)\Windows Kits\8.1\Windows Performance Toolkit\;C:\Users\Ross\AppData\Roaming\nvm;C:\Program Files\nodejsnvm;C:\Program Files (x86)\Intel\Intel(R) Management Engine Components\DAL;C:\Program Files\Intel\Intel(R) Management Engine Components\DAL;C:\Program Files (x86)\Intel\Intel(R) Management Engine Components\IPT;C:\Program Files\Intel\Intel(R) Management Engine Components\IPT;C:\Users\Ross\AppData\Local\Microsoft\WindowsApps;C:\Program Files\Microsoft VS Code\bin;C:\Program Files\MongoDB\Server\3.6\bin;C:\Users\Ross\AppData\Local\GitHubDesktop\bin;C:\Users\Ross\AppData\Local\Yarn\bin;C:\Users\Ross\AppData\Local\Microsoft\WindowsApps;C:\Program Files (x86)\MSBuild\14.0\Bin;C:\Users\Ross\AppData\Roaming\nvm;C:\Program Files\nodejsnvm;C:\Users\Ross\AppData\Roaming\npm\node_modules\aurelia-cli\bin;

Yarn version: 
  1.6.0

Node version: 
  6.0.0

Platform: 
  win32 x64

Trace: 
  Error: https://registry.yarnpkg.com/aurelia-multi-select: Not found
      at Request.params.callback [as _callback] (C:\Program Files (x86)\Yarn\lib\cli.js:65327:18)
      at Request.self.callback (C:\Program Files (x86)\Yarn\lib\cli.js:133155:22)
      at emitTwo (events.js:106:13)
      at Request.emit (events.js:191:7)
      at Request.<anonymous> (C:\Program Files (x86)\Yarn\lib\cli.js:134138:10)
      at emitOne (events.js:96:13)
      at Request.emit (events.js:188:7)
      at IncomingMessage.<anonymous> (C:\Program Files (x86)\Yarn\lib\cli.js:134058:12)
      at IncomingMessage.g (events.js:286:16)
      at emitNone (events.js:91:20)
      at IncomingMessage.emit (events.js:185:7)

npm manifest: 
  {
    "name": "client",
    "description": "An Aurelia client application.",
    "version": "0.1.0",
    "repository": {
      "type": "???",
      "url": "???"
    },
    "license": "MIT",
    "dependencies": {
      "aurelia-animator-css": "^1.0.0",
      "aurelia-binding": "^2.0.0",
      "aurelia-bootstrapper": "^1.0.0",
      "bluebird": "^3.4.1",
      "requirejs": "^2.3.2",
      "text": "github:requirejs/text#latest"
    },
    "peerDependencies": {},
    "devDependencies": {
      "aurelia-cli": "^0.22.0",
      "aurelia-testing": "^1.0.0-beta.2.0.0",
      "aurelia-tools": "^0.2.2",
      "browser-sync": "^2.13.0",
      "connect-history-api-fallback": "^1.2.0",
      "gulp": "github:gulpjs/gulp#4.0",
      "gulp-changed-in-place": "^2.0.3",
      "gulp-plumber": "^1.1.0",
      "gulp-rename": "^1.2.2",
      "gulp-sourcemaps": "^2.0.0-alpha",
      "gulp-notify": "^2.2.0",
      "minimatch": "^3.0.2",
      "through2": "^2.0.1",
      "uglify-js": "^2.6.3",
      "vinyl-fs": "^2.4.3",
      "babel-eslint": "^6.0.4",
      "babel-plugin-syntax-flow": "^6.8.0",
      "babel-plugin-transform-decorators-legacy": "^1.3.4",
      "babel-plugin-transform-es2015-modules-amd": "^6.8.0",
      "babel-plugin-transform-es2015-modules-commonjs": "^6.10.3",
      "babel-plugin-transform-flow-strip-types": "^6.8.0",
      "babel-preset-es2015": "^6.9.0",
      "babel-preset-es2015-loose": "^7.0.0",
      "babel-preset-stage-1": "^6.5.0",
      "babel-polyfill": "^6.9.1",
      "babel-register": "^6.9.0",
      "gulp-babel": "^6.1.2",
      "gulp-eslint": "^2.0.0",
      "jasmine-core": "^2.4.1",
      "karma": "^0.13.22",
      "karma-chrome-launcher": "^1.0.1",
      "karma-jasmine": "^1.0.2",
      "karma-babel-preprocessor": "^6.0.1"
    }
  }

yarn manifest: 
  No manifest

Lockfile: 
  No lockfile
