{"level":"info","message":"Starting application","timestamp":"11:24:35 AM"}
{"level":"info","message":"Loading Mongoose functionality","timestamp":"11:24:35 AM"}
{"level":"info","message":"Attaching plugins","timestamp":"11:24:35 AM"}
{"level":"info","message":"Loading models","timestamp":"11:24:35 AM"}
{"level":"info","message":"Loading controllers","timestamp":"11:24:35 AM"}
{"level":"info","message":"Mongoose connected to the database","timestamp":"11:24:36 AM"}
{"level":"info","message":"Starting application","timestamp":"11:25:17 AM"}
{"level":"info","message":"Loading Mongoose functionality","timestamp":"11:25:17 AM"}
{"level":"info","message":"Attaching plugins","timestamp":"11:25:17 AM"}
{"level":"info","message":"Loading models","timestamp":"11:25:17 AM"}
{"level":"info","message":"Loading controllers","timestamp":"11:25:17 AM"}
{"level":"info","message":"Mongoose connected to the database","timestamp":"11:25:17 AM"}
{"level":"info","message":"Starting application","timestamp":"11:25:27 AM"}
{"level":"info","message":"Loading Mongoose functionality","timestamp":"11:25:27 AM"}
{"level":"info","message":"Attaching plugins","timestamp":"11:25:27 AM"}
{"level":"info","message":"Loading models","timestamp":"11:25:27 AM"}
{"level":"info","message":"Loading controllers","timestamp":"11:25:27 AM"}
{"level":"info","message":"Mongoose connected to the database","timestamp":"11:25:27 AM"}
{"level":"info","message":"Starting application","timestamp":"11:25:47 AM"}
{"level":"info","message":"Loading Mongoose functionality","timestamp":"11:25:47 AM"}
{"level":"info","message":"Attaching plugins","timestamp":"11:25:47 AM"}
{"level":"info","message":"Loading models","timestamp":"11:25:47 AM"}
{"level":"info","message":"Loading controllers","timestamp":"11:25:47 AM"}
{"level":"info","message":"Mongoose connected to the database","timestamp":"11:25:48 AM"}
{"level":"info","message":"Starting application","timestamp":"11:27:01 AM"}
{"level":"info","message":"Loading Mongoose functionality","timestamp":"11:27:05 AM"}
{"level":"info","message":"Attaching plugins","timestamp":"11:27:10 AM"}
{"level":"info","message":"Loading models","timestamp":"11:27:15 AM"}
{"level":"info","message":"Loading controllers","timestamp":"11:27:20 AM"}
{"level":"info","message":"Mongoose connected to the database","timestamp":"11:27:36 AM"}
{"level":"info","message":"Starting application","timestamp":"11:28:58 AM"}
{"level":"info","message":"Loading Mongoose functionality","timestamp":"11:29:02 AM"}
{"level":"info","message":"Attaching plugins","timestamp":"11:29:02 AM"}
{"level":"info","message":"Loading models","timestamp":"11:29:02 AM"}
{"level":"info","message":"Loading controllers","timestamp":"11:29:02 AM"}
{"level":"info","message":"Creating HTTP server on port: 5000","timestamp":"11:29:03 AM"}
{"level":"info","message":"HTTP Server listening on port: 5000 in development mode","timestamp":"11:29:03 AM"}
{"level":"info","message":"Mongoose connected to the database","timestamp":"11:29:03 AM"}
