{"level":"info","message":"Polling...","timestamp":"2017-03-02T16:42:18.276Z"}
{"level":"info","message":"/data/2.5/weather?q=undefined&APPID=0f85bb931f8faad7e35b6f685aa4e931","timestamp":"2017-03-02T16:42:18.280Z"}
{"level":"info","message":"Starting application","timestamp":"2017-03-02T16:42:24.248Z"}
{"level":"info","message":"Loading Mongoose functionality","timestamp":"2017-03-02T16:42:24.250Z"}
{"level":"info","message":"Attaching plugins","timestamp":"2017-03-02T16:42:25.039Z"}
{"level":"info","message":"Loading models","timestamp":"2017-03-02T16:42:25.670Z"}
{"level":"info","message":"Loading controllers","timestamp":"2017-03-02T16:42:26.052Z"}
{"level":"info","message":"Creating HTTP server on port: 5000","timestamp":"2017-03-02T16:42:29.992Z"}
{"level":"info","message":"HTTP Server listening on port: 5000 in development mode","timestamp":"2017-03-02T16:42:30.015Z"}
{"level":"info","message":"Mongoose connected to the database","timestamp":"2017-03-02T16:42:30.042Z"}
{"level":"info","message":"Get clientRequests","timestamp":"2017-03-02T16:42:47.508Z"}
{"level":"verbose","message":"::1 finished request","timestamp":"2017-03-02T16:42:47.534Z"}
{"level":"verbose","message":"Get clientRequest Locks58b84b26ca05cb382b82b1ef","timestamp":"2017-03-02T16:42:47.613Z"}
{"level":"verbose","message":"::1 finished request","timestamp":"2017-03-02T16:42:47.637Z"}
{"level":"verbose","message":"Create clientRequest Lock","timestamp":"2017-03-02T16:42:48.002Z"}
{"level":"verbose","message":"::1 finished request","timestamp":"2017-03-02T16:42:48.050Z"}
{"level":"verbose","message":"Delete Help Ticket Lock 58b84b26ca05cb382b82b1ef","timestamp":"2017-03-02T16:42:50.264Z"}
{"level":"verbose","message":"::1 finished request","timestamp":"2017-03-02T16:42:50.274Z"}
{"level":"info","message":"Get clientRequests","timestamp":"2017-03-02T16:42:50.288Z"}
{"level":"verbose","message":"::1 finished request","timestamp":"2017-03-02T16:42:50.299Z"}
{"level":"verbose","message":"Get clientRequest Locks58b84b26ca05cb382b82b1ef","timestamp":"2017-03-02T16:42:50.428Z"}
{"level":"verbose","message":"::1 finished request","timestamp":"2017-03-02T16:42:50.433Z"}
{"level":"verbose","message":"Create clientRequest Lock","timestamp":"2017-03-02T16:42:50.488Z"}
{"level":"verbose","message":"::1 finished request","timestamp":"2017-03-02T16:42:50.492Z"}
{"level":"verbose","message":"Delete Help Ticket Lock 58b84b26ca05cb382b82b1ef","timestamp":"2017-03-02T16:42:51.380Z"}
{"level":"verbose","message":"::1 finished request","timestamp":"2017-03-02T16:42:51.382Z"}
{"level":"info","message":"Get clientRequests","timestamp":"2017-03-02T16:42:51.430Z"}
{"level":"verbose","message":"::1 finished request","timestamp":"2017-03-02T16:42:51.432Z"}
{"level":"info","message":"Update clientRequest 58b84b26ca05cb382b82b1ef","timestamp":"2017-03-02T16:43:23.070Z"}
{"level":"info","message":"Polling...","timestamp":"2017-03-02T16:44:04.851Z"}
{"level":"info","message":"/data/2.5/weather?q=undefined&APPID=0f85bb931f8faad7e35b6f685aa4e931","timestamp":"2017-03-02T16:44:04.856Z"}
{"level":"info","message":"Starting application","timestamp":"2017-03-02T16:44:05.822Z"}
{"level":"info","message":"Loading Mongoose functionality","timestamp":"2017-03-02T16:44:05.824Z"}
{"level":"info","message":"Attaching plugins","timestamp":"2017-03-02T16:44:05.926Z"}
{"level":"info","message":"Loading models","timestamp":"2017-03-02T16:44:06.029Z"}
{"level":"info","message":"Loading controllers","timestamp":"2017-03-02T16:44:06.165Z"}
{"level":"info","message":"Creating HTTP server on port: 5000","timestamp":"2017-03-02T16:44:06.836Z"}
{"level":"info","message":"HTTP Server listening on port: 5000 in development mode","timestamp":"2017-03-02T16:44:06.861Z"}
{"level":"info","message":"Mongoose connected to the database","timestamp":"2017-03-02T16:44:06.879Z"}
{"level":"info","message":"Get clientRequests","timestamp":"2017-03-02T16:44:11.050Z"}
{"level":"verbose","message":"::1 finished request","timestamp":"2017-03-02T16:44:11.055Z"}
{"level":"info","message":"Get clientRequests","timestamp":"2017-03-02T16:44:12.889Z"}
{"level":"verbose","message":"::1 finished request","timestamp":"2017-03-02T16:44:12.893Z"}
{"level":"verbose","message":"Create clientRequest","timestamp":"2017-03-02T16:44:20.291Z"}
{"level":"verbose","message":"::1 finished request","timestamp":"2017-03-02T16:44:20.320Z"}
