{"level":"info","message":"Starting application"}
{"level":"info","message":"Loading Mongoose functionality"}
{"level":"info","message":"Attaching plugins"}
{"level":"info","message":"Loading models"}
{"level":"info","message":"Loading controllers"}
{"level":"info","message":"Creating HTTP server on port: 80"}
{"level":"info","message":"HTTP Server listening on port: 80 in development mode"}
{"level":"info","message":"Mongoose connected to the database"}
{"level":"info","message":"Starting application"}
{"level":"info","message":"Loading Mongoose functionality"}
{"level":"info","message":"Attaching plugins"}
{"level":"info","message":"Loading models"}
{"level":"info","message":"Loading controllers"}
{"level":"info","message":"Creating HTTP server on port: 80"}
{"level":"info","message":"HTTP Server listening on port: 80 in development mode"}
{"level":"info","message":"Mongoose connected to the database"}
{"level":"info","message":"Starting application"}
{"level":"info","message":"Loading Mongoose functionality"}
{"level":"info","message":"Attaching plugins"}
{"level":"info","message":"Loading models"}
{"level":"info","message":"Loading controllers"}
{"level":"info","message":"Creating HTTP server on port: 80"}
{"level":"info","message":"HTTP Server listening on port: 80 in development mode"}
{"level":"info","message":"Mongoose connected to the database"}
{"level":"info","message":"Get all people"}
{"level":"info","message":"::1 finished request"}
{"level":"info","message":"Starting application"}
{"level":"info","message":"Loading Mongoose functionality"}
{"level":"info","message":"Attaching plugins"}
{"level":"info","message":"Loading models"}
{"level":"info","message":"Loading controllers"}
{"level":"info","message":"Creating HTTP server on port: 80"}
{"level":"info","message":"HTTP Server listening on port: 80 in development mode"}
{"level":"info","message":"Mongoose connected to the database"}
{"level":"info","message":"Get all people"}
{"level":"info","message":"::1 finished request"}
{"level":"info","message":"Starting application"}
{"level":"info","message":"Loading Mongoose functionality"}
{"level":"info","message":"Attaching plugins"}
{"level":"info","message":"Loading models"}
{"level":"info","message":"Loading controllers"}
{"level":"info","message":"Creating HTTP server on port: 80"}
{"level":"info","message":"HTTP Server listening on port: 80 in development mode"}
{"level":"info","message":"Mongoose connected to the database"}
{"level":"info","message":"Get all people"}
{"level":"info","message":"::1 finished request"}
{"level":"info","message":"Starting application"}
{"level":"info","message":"Loading Mongoose functionality"}
{"level":"info","message":"Attaching plugins"}
{"level":"info","message":"Loading models"}
{"level":"info","message":"Loading controllers"}
{"level":"info","message":"Creating HTTP server on port: 80"}
{"level":"info","message":"HTTP Server listening on port: 80 in development mode"}
{"level":"info","message":"Mongoose connected to the database"}
{"level":"info","message":"Get all people"}
{"level":"info","message":"::1 finished request"}
