{"level":"verbose","message":"Create helpTicket Lock","timestamp":"2017-01-13T17:38:17.448Z"}
{"level":"verbose","message":"Get helpTicket Locks58582a5da07bbecc40495067","timestamp":"2017-01-13T17:42:27.764Z"}
{"level":"verbose","message":"Get helpTicket Locks58582a5da07bbecc40495067","timestamp":"2017-01-13T17:43:10.436Z"}
{"level":"verbose","message":"Create helpTicket Lock","timestamp":"2017-01-13T17:43:13.081Z"}
{"level":"verbose","message":"Get helpTicket Locks58582a5da07bbecc40495067","timestamp":"2017-01-13T17:43:50.968Z"}
{"level":"verbose","message":"Create helpTicket Lock","timestamp":"2017-01-13T17:44:45.109Z"}
{"level":"verbose","message":"Get helpTicket Locks58582a5da07bbecc40495067","timestamp":"2017-01-13T17:47:31.807Z"}
{"level":"verbose","message":"Get helpTicket Locks58582a5da07bbecc40495067","timestamp":"2017-01-13T17:50:15.194Z"}
{"level":"verbose","message":"Get helpTicket Locks582605f9bc518b342a15a576","timestamp":"2017-01-13T17:50:55.517Z"}
{"level":"verbose","message":"Get helpTicket Locks58582a5da07bbecc40495067","timestamp":"2017-01-13T17:50:58.837Z"}
{"level":"verbose","message":"Get helpTicket Locks58582a5da07bbecc40495067","timestamp":"2017-01-13T17:51:19.893Z"}
{"level":"verbose","message":"Get helpTicket Locks5826061cbc518b342a15a57a","timestamp":"2017-01-13T17:51:35.824Z"}
{"level":"verbose","message":"Get helpTicket Locks58582a5da07bbecc40495067","timestamp":"2017-01-13T17:51:41.147Z"}
{"level":"verbose","message":"Get helpTicket Locks58582a5da07bbecc40495067","timestamp":"2017-01-13T17:52:06.983Z"}
{"level":"verbose","message":"Get helpTicket Locks58582a5da07bbecc40495067","timestamp":"2017-01-13T17:53:16.439Z"}
{"level":"verbose","message":"Get helpTicket Locks58582a5da07bbecc40495067","timestamp":"2017-01-13T17:54:01.989Z"}
{"level":"verbose","message":"Create helpTicket Lock","timestamp":"2017-01-13T17:54:19.732Z"}
{"level":"verbose","message":"Get helpTicket Locks58582a5da07bbecc40495067","timestamp":"2017-01-13T17:54:53.148Z"}
{"level":"verbose","message":"Get helpTicket Locks5826061cbc518b342a15a57a","timestamp":"2017-01-13T17:57:40.408Z"}
{"level":"verbose","message":"Create helpTicket Lock","timestamp":"2017-01-13T17:57:40.472Z"}
{"level":"verbose","message":"Get helpTicket Locks58582a5da07bbecc40495067","timestamp":"2017-01-13T17:59:25.817Z"}
{"level":"verbose","message":"Delete Help Ticket Lock 58582a5da07bbecc40495067","timestamp":"2017-01-13T17:59:49.133Z"}
{"level":"verbose","message":"Get helpTicket Locks58582a5da07bbecc40495067","timestamp":"2017-01-13T18:00:02.754Z"}
{"level":"verbose","message":"Create helpTicket Lock","timestamp":"2017-01-13T18:00:02.795Z"}
{"level":"verbose","message":"Delete Help Ticket Lock 58582a5da07bbecc40495067","timestamp":"2017-01-13T18:00:34.266Z"}
{"level":"verbose","message":"Get helpTicket Locks5826061cbc518b342a15a57a","timestamp":"2017-01-13T18:00:37.026Z"}
{"level":"verbose","message":"Delete Help Ticket Lock 5826061cbc518b342a15a57a","timestamp":"2017-01-13T18:00:40.533Z"}
{"level":"verbose","message":"Get helpTicket Locks5826061cbc518b342a15a57a","timestamp":"2017-01-13T18:01:31.949Z"}
{"level":"verbose","message":"Create helpTicket Lock","timestamp":"2017-01-13T18:01:31.981Z"}
{"level":"verbose","message":"Get helpTicket Locks58582a5da07bbecc40495067","timestamp":"2017-01-13T18:03:30.890Z"}
{"level":"verbose","message":"Create helpTicket Lock","timestamp":"2017-01-13T18:03:30.954Z"}
{"level":"verbose","message":"Get helpTicket Locks58582a5da07bbecc40495067","timestamp":"2017-01-13T18:05:43.246Z"}
{"level":"verbose","message":"Get helpTicket Locks5826061cbc518b342a15a57a","timestamp":"2017-01-13T18:07:53.264Z"}
{"level":"verbose","message":"Delete Help Ticket Lock 5826061cbc518b342a15a57a","timestamp":"2017-01-13T18:08:00.774Z"}
{"level":"verbose","message":"Get helpTicket Locks5826061cbc518b342a15a57a","timestamp":"2017-01-13T18:08:03.320Z"}
{"level":"verbose","message":"Create helpTicket Lock","timestamp":"2017-01-13T18:08:03.379Z"}
{"level":"verbose","message":"Get helpTicket Locks58582a5da07bbecc40495067","timestamp":"2017-01-13T18:10:56.654Z"}
{"level":"verbose","message":"Get helpTicket Locks58582a5da07bbecc40495067","timestamp":"2017-01-13T18:11:19.018Z"}
{"level":"verbose","message":"Get helpTicket Locks58582a5da07bbecc40495067","timestamp":"2017-01-13T18:13:58.679Z"}
{"level":"verbose","message":"Get helpTicket Locks58582a5da07bbecc40495067","timestamp":"2017-01-13T18:23:38.434Z"}
{"level":"verbose","message":"Get helpTicket Locks58582a5da07bbecc40495067","timestamp":"2017-01-13T18:24:25.793Z"}
{"level":"verbose","message":"Create helpTicket Lock","timestamp":"2017-01-13T18:24:25.847Z"}
{"level":"verbose","message":"Get helpTicket Locks58582a5da07bbecc40495067","timestamp":"2017-01-13T18:27:23.122Z"}
{"level":"verbose","message":"Delete Help Ticket Lock 58582a5da07bbecc40495067","timestamp":"2017-01-13T18:27:50.305Z"}
{"level":"verbose","message":"Get helpTicket Locks58582a5da07bbecc40495067","timestamp":"2017-01-13T18:27:53.289Z"}
{"level":"verbose","message":"Create helpTicket Lock","timestamp":"2017-01-13T18:27:53.326Z"}
{"level":"verbose","message":"Delete Help Ticket Lock 58582a5da07bbecc40495067","timestamp":"2017-01-13T18:28:09.797Z"}
{"level":"verbose","message":"Get helpTicket Locks58582a5da07bbecc40495067","timestamp":"2017-01-13T18:28:14.726Z"}
{"level":"verbose","message":"Create helpTicket Lock","timestamp":"2017-01-13T18:28:14.756Z"}
{"level":"verbose","message":"Delete Help Ticket Lock 58582a5da07bbecc40495067","timestamp":"2017-01-13T18:28:16.011Z"}
{"level":"verbose","message":"Get helpTicket Locks58582a5da07bbecc40495067","timestamp":"2017-01-13T18:33:08.769Z"}
{"level":"verbose","message":"Create helpTicket Lock","timestamp":"2017-01-13T18:33:08.822Z"}
{"level":"verbose","message":"Delete Help Ticket Lock 58582a5da07bbecc40495067","timestamp":"2017-01-13T18:33:29.358Z"}
{"level":"verbose","message":"Get helpTicket Locks58582a5da07bbecc40495067","timestamp":"2017-01-13T18:33:47.736Z"}
{"level":"verbose","message":"Create helpTicket Lock","timestamp":"2017-01-13T18:33:47.783Z"}
{"level":"verbose","message":"Delete Help Ticket Lock 58582a5da07bbecc40495067","timestamp":"2017-01-13T18:34:12.931Z"}
{"level":"verbose","message":"Delete Help Ticket Lock undefined","timestamp":"2017-01-13T18:38:38.820Z"}
{"level":"verbose","message":"Get helpTicket Locks58582a5da07bbecc40495067","timestamp":"2017-01-13T18:38:40.290Z"}
{"level":"verbose","message":"Create helpTicket Lock","timestamp":"2017-01-13T18:38:40.372Z"}
{"level":"verbose","message":"Delete Help Ticket Lock 58582a5da07bbecc40495067","timestamp":"2017-01-13T18:38:55.053Z"}
{"level":"verbose","message":"Get helpTicket Locks58582a5da07bbecc40495067","timestamp":"2017-01-13T18:39:17.011Z"}
{"level":"verbose","message":"Create helpTicket Lock","timestamp":"2017-01-13T18:39:17.056Z"}
{"level":"verbose","message":"Delete Help Ticket Lock 58582a5da07bbecc40495067","timestamp":"2017-01-13T19:34:31.008Z"}
{"level":"verbose","message":"Get helpTicket Locks58582a5da07bbecc40495067","timestamp":"2017-01-13T19:34:34.593Z"}
{"level":"verbose","message":"Create helpTicket Lock","timestamp":"2017-01-13T19:34:34.646Z"}
{"level":"verbose","message":"Delete Help Ticket Lock 58582a5da07bbecc40495067","timestamp":"2017-01-13T19:39:36.065Z"}
{"level":"verbose","message":"Get helpTicket Locks58582a5da07bbecc40495067","timestamp":"2017-01-13T19:39:43.951Z"}
{"level":"verbose","message":"Create helpTicket Lock","timestamp":"2017-01-13T19:39:44.031Z"}
{"level":"verbose","message":"Delete Help Ticket Lock 58582a5da07bbecc40495067","timestamp":"2017-01-13T19:42:52.766Z"}
{"level":"verbose","message":"Get helpTicket Locks58582a5da07bbecc40495067","timestamp":"2017-01-13T19:42:54.102Z"}
{"level":"verbose","message":"Create helpTicket Lock","timestamp":"2017-01-13T19:42:54.175Z"}
{"level":"verbose","message":"Delete Help Ticket Lock 58582a5da07bbecc40495067","timestamp":"2017-01-13T19:47:36.482Z"}
{"level":"info","message":"User hightowe@uwm.edu logged on ","timestamp":"2017-01-13T19:52:16.575Z"}
{"level":"info","message":"User hightowe@uwm.edu logged on ","timestamp":"2017-01-13T19:52:50.339Z"}
